2025-04-19 19:54:25,811 - model_server - INFO - Threat detection model loaded successfully
2025-04-19 19:54:25,812 - model_server - INFO - Anomaly detection model loaded successfully
2025-04-19 19:54:25,813 - model_server - WARNING - Threat detection model not found. Run model_training.py to create it.
2025-04-19 19:54:25,813 - model_server - WARNING - Anomaly detection model not found. Run model_training.py to create it.
2025-04-19 19:54:27,235 - werkzeug - INFO - [31m[1mWARNING: This is a development server. Do not use it in a production deployment. Use a production WSGI server instead.[0m
 * Running on all addresses (0.0.0.0)
 * Running on http://127.0.0.1:5001
 * Running on http://192.168.0.194:5001
2025-04-19 19:54:27,238 - werkzeug - INFO - [33mPress CTRL+C to quit[0m
2025-04-19 19:54:27,253 - werkzeug - INFO -  * Restarting with stat
2025-04-19 19:54:28,865 - model_server - INFO - Threat detection model loaded successfully
2025-04-19 19:54:28,865 - model_server - INFO - Anomaly detection model loaded successfully
2025-04-19 19:54:28,867 - model_server - WARNING - Threat detection model not found. Run model_training.py to create it.
2025-04-19 19:54:28,867 - model_server - WARNING - Anomaly detection model not found. Run model_training.py to create it.
2025-04-19 19:54:28,876 - werkzeug - WARNING -  * Debugger is active!
2025-04-19 19:54:28,930 - werkzeug - INFO -  * Debugger PIN: 809-525-715
2025-04-19 20:09:10,870 - model_server - INFO - Threat detection model loaded successfully
2025-04-19 20:09:10,871 - model_server - INFO - Anomaly detection model loaded successfully
2025-04-19 20:09:10,873 - model_server - WARNING - Threat detection model not found. Run model_training.py to create it.
2025-04-19 20:09:10,873 - model_server - WARNING - Anomaly detection model not found. Run model_training.py to create it.
2025-04-19 20:09:12,173 - werkzeug - INFO - [31m[1mWARNING: This is a development server. Do not use it in a production deployment. Use a production WSGI server instead.[0m
 * Running on all addresses (0.0.0.0)
 * Running on http://127.0.0.1:5001
 * Running on http://192.168.0.194:5001
2025-04-19 20:09:12,173 - werkzeug - INFO - [33mPress CTRL+C to quit[0m
2025-04-19 20:09:12,176 - werkzeug - INFO -  * Restarting with stat
2025-04-19 20:09:13,835 - model_server - INFO - Threat detection model loaded successfully
2025-04-19 20:09:13,836 - model_server - INFO - Anomaly detection model loaded successfully
2025-04-19 20:09:13,836 - model_server - WARNING - Threat detection model not found. Run model_training.py to create it.
2025-04-19 20:09:13,838 - model_server - WARNING - Anomaly detection model not found. Run model_training.py to create it.
2025-04-19 20:09:13,845 - werkzeug - WARNING -  * Debugger is active!
2025-04-19 20:09:13,851 - werkzeug - INFO -  * Debugger PIN: 809-525-715
